2020-05-23 16:17:11,445 INFO data_folder = segmentation_dataset\COCO_mini5class_medium  
weights_init = results\pretrain\lr0.005_bs8_size256_\models\checkpoint_best_val_3_.pth  
output_root = results  
lr = 0.01  
bs = 32  
size = 256  
snapshot_freq = 1  
exp_suffix =   
exp_name = lr0.01_bs32_  
output_folder = results\dt_binseg\lr0.01_bs32_  
model_folder = results\dt_binseg\lr0.01_bs32_\models  
logs_folder = results\dt_binseg\lr0.01_bs32_\logs
2020-05-23 16:17:11,448 INFO train_data 15177
2020-05-23 16:17:11,449 INFO val_data 3000
2020-05-23 16:17:11,449 INFO Epoch 0
2020-05-23 16:19:20,565 INFO mean train_loss 0.71633 mean train_iou 0.16704
2020-05-23 16:19:45,235 INFO epoch 0 mean val_loss 0.69373 mean val_iou 0.26036
2020-05-23 16:19:45,244 INFO ==> Saving  ... epoch0 loss0.694 miou0.716 
2020-05-23 16:19:45,462 INFO ==> Saving BEST ... epoch0 loss0.694 miou0.716 
2020-05-23 16:19:45,583 INFO Epoch 1
2020-05-23 16:21:23,195 INFO mean train_loss 0.69036 mean train_iou 0.21717
2020-05-23 16:21:53,109 INFO epoch 1 mean val_loss 0.66503 mean val_iou 0.00079
2020-05-23 16:21:53,118 INFO ==> Saving  ... epoch1 loss0.665 miou0.690 
2020-05-23 16:21:53,212 INFO ==> Saving BEST ... epoch1 loss0.665 miou0.690 
2020-05-23 16:21:53,280 INFO Epoch 2
2020-05-23 16:24:17,177 INFO mean train_loss 0.63459 mean train_iou 0.00989
2020-05-23 16:24:35,248 INFO epoch 2 mean val_loss 0.61387 mean val_iou 0.0
2020-05-23 16:24:35,252 INFO ==> Saving  ... epoch2 loss0.614 miou0.635 
2020-05-23 16:24:35,347 INFO ==> Saving BEST ... epoch2 loss0.614 miou0.635 
2020-05-23 16:24:35,429 INFO Epoch 3
